<?xml version="1.0" encoding="UTF-8"?>
<!-- Generated by org.testng.reporters.JUnitReportReporter -->
<testsuite hostname="Sachin" failures="0" tests="1" name="com.appium.programs.touchAction.VerticalSwipe_Up" time="32.102" errors="0" timestamp="2021-07-11T15:56:34 IST" skipped="0">
  <testcase classname="com.appium.programs.touchAction.VerticalSwipe_Up" name="verticalSwipe_Up" time="32.102"/>
  <system-out/>
</testsuite> <!-- com.appium.programs.touchAction.VerticalSwipe_Up -->
