<?xml version="1.0" encoding="UTF-8"?>
<!-- Generated by org.testng.reporters.JUnitReportReporter -->
<testsuite hostname="Sachin" failures="0" tests="1" name="com.appium.programs.touchAction.Tap_Click_BasedOnResolution" time="23.454" errors="0" timestamp="2021-07-19T20:59:56 IST" skipped="0">
  <testcase classname="com.appium.programs.touchAction.Tap_Click_BasedOnResolution" name="tapUsingCoordinates" time="23.454"/>
  <system-out/>
</testsuite> <!-- com.appium.programs.touchAction.Tap_Click_BasedOnResolution -->
